

Started GET "/home/index" for 127.0.0.1 at 2010-12-29 04:05:45 -0800
  Processing by HomeController#index as HTML
Rendered home/index.html.erb within layouts/application (2.8ms)
Completed 200 OK in 5ms (Views: 5.1ms | ActiveRecord: 0.0ms)


Started GET "/home/index" for 127.0.0.1 at 2010-12-29 05:03:55 -0800
  Processing by HomeController#index as HTML
Rendered home/index.html.erb within layouts/application (2.6ms)
Completed 200 OK in 5ms (Views: 4.7ms | ActiveRecord: 0.0ms)


Started GET "/athletic_programs" for 127.0.0.1 at 2010-12-29 05:03:57 -0800
  Processing by AthleticProgramsController#index as HTML
  [1m[36mAthleticProgram Load (3.2ms)[0m  [1mSELECT `athletic_programs`.* FROM `athletic_programs`[0m
Rendered athletic_programs/index.html.erb within layouts/application (7.0ms)
Completed 200 OK in 87ms (Views: 9.4ms | ActiveRecord: 3.2ms)


Started GET "/home/index" for 127.0.0.1 at 2010-12-29 05:03:59 -0800
  Processing by HomeController#index as HTML
Rendered home/index.html.erb within layouts/application (2.7ms)
Completed 200 OK in 5ms (Views: 4.9ms | ActiveRecord: 0.0ms)


Started GET "/date_of_workouts" for 127.0.0.1 at 2010-12-29 05:03:59 -0800
  Processing by DateOfWorkoutsController#index as HTML
  [1m[35mDateOfWorkout Load (0.1ms)[0m  SELECT `date_of_workouts`.* FROM `date_of_workouts`
Rendered date_of_workouts/index.html.erb within layouts/application (13.6ms)
Completed 200 OK in 22ms (Views: 15.9ms | ActiveRecord: 0.1ms)


Started GET "/" for 127.0.0.1 at 2010-12-30 03:58:55 -0800
  Processing by HomeController#index as HTML
Rendered home/index.html.erb within layouts/application (3.6ms)
Completed 200 OK in 8ms (Views: 7.1ms | ActiveRecord: 0.0ms)


Started GET "/" for 127.0.0.1 at 2010-12-30 04:02:05 -0800
  Processing by HomeController#index as HTML
Rendered home/index.html.erb within layouts/application (2.9ms)
Completed 200 OK in 6ms (Views: 5.7ms | ActiveRecord: 0.0ms)


Started GET "/" for 127.0.0.1 at 2010-12-30 04:02:21 -0800
  Processing by HomeController#index as HTML
Rendered home/index.html.erb within layouts/application (2.7ms)
Completed 200 OK in 5ms (Views: 5.1ms | ActiveRecord: 0.0ms)


Started GET "/" for 127.0.0.1 at 2010-12-30 04:02:29 -0800
  Processing by HomeController#index as HTML
Rendered home/index.html.erb within layouts/application (2.8ms)
Completed 200 OK in 5ms (Views: 5.0ms | ActiveRecord: 0.0ms)


Started GET "/" for 127.0.0.1 at 2010-12-30 04:02:39 -0800
  Processing by HomeController#index as HTML
Rendered home/index.html.erb within layouts/application (2.6ms)
Completed 200 OK in 5ms (Views: 4.8ms | ActiveRecord: 0.0ms)


Started GET "/" for 127.0.0.1 at 2010-12-30 04:04:12 -0800
  Processing by HomeController#index as HTML
Rendered home/index.html.erb within layouts/application (4.5ms)
Completed 200 OK in 7ms (Views: 6.8ms | ActiveRecord: 0.0ms)


Started GET "/" for 127.0.0.1 at 2010-12-30 04:04:21 -0800
  Processing by HomeController#index as HTML
Rendered home/index.html.erb within layouts/application (2.7ms)
Completed 200 OK in 5ms (Views: 4.9ms | ActiveRecord: 0.0ms)


Started GET "/" for 127.0.0.1 at 2010-12-30 04:04:31 -0800
  Processing by HomeController#index as HTML
Rendered home/index.html.erb within layouts/application (2.7ms)
Completed 200 OK in 5ms (Views: 4.8ms | ActiveRecord: 0.0ms)


Started GET "/athletic_programs" for 127.0.0.1 at 2010-12-30 04:05:35 -0800
  Processing by AthleticProgramsController#index as HTML
  [1m[36mAthleticProgram Load (69.8ms)[0m  [1mSELECT `athletic_programs`.* FROM `athletic_programs`[0m
Rendered athletic_programs/index.html.erb within layouts/application (20.5ms)
Completed 200 OK in 175ms (Views: 23.9ms | ActiveRecord: 69.8ms)


Started GET "/athletic_programs/1" for 127.0.0.1 at 2010-12-30 04:05:42 -0800
  Processing by AthleticProgramsController#show as HTML
  Parameters: {"id"=>"1"}
  [1m[35mSQL (2.8ms)[0m  SHOW TABLES
  [1m[36mAthleticProgram Load (2.7ms)[0m  [1mSELECT `athletic_programs`.* FROM `athletic_programs` WHERE (`athletic_programs`.`id` = 1) LIMIT 1[0m
  [1m[35mWorkout Load (13.0ms)[0m  SELECT `workouts`.* FROM `workouts` WHERE (`workouts`.`athletic_program_id` = 1)
  [1m[36mExercise Load (0.2ms)[0m  [1mSELECT `exercises`.* FROM `exercises` WHERE (`exercises`.`workout_id` = 1)[0m
  [1m[35mExerciseGroup Load (0.7ms)[0m  SELECT `exercise_groups`.* FROM `exercise_groups` WHERE (`exercise_groups`.`exercise_id` = 8)
Rendered athletic_programs/show.html.erb within layouts/application (94.8ms)
Completed 200 OK in 119ms (Views: 91.4ms | ActiveRecord: 19.4ms)


Started GET "/athletic_programs/1/edit" for 127.0.0.1 at 2010-12-30 04:05:44 -0800
  Processing by AthleticProgramsController#edit as HTML
  Parameters: {"id"=>"1"}
  [1m[36mAthleticProgram Load (0.0ms)[0m  [1mSELECT `athletic_programs`.* FROM `athletic_programs` WHERE (`athletic_programs`.`id` = 1) LIMIT 1[0m
  [1m[35mWorkout Load (0.3ms)[0m  SELECT `workouts`.* FROM `workouts` WHERE (`workouts`.athletic_program_id = 1)
  [1m[36mExercise Load (0.3ms)[0m  [1mSELECT `exercises`.* FROM `exercises` WHERE (`exercises`.workout_id = 1)[0m
  [1m[35mExerciseGroup Load (0.3ms)[0m  SELECT `exercise_groups`.* FROM `exercise_groups` WHERE (`exercise_groups`.exercise_id = 8)
Rendered athletic_programs/_exercise_group_fields.html.erb (1.9ms)
Rendered athletic_programs/_exercise_group_fields.html.erb (1.5ms)
Rendered athletic_programs/_exercise_fields.html.erb (22.9ms)
Rendered athletic_programs/_exercise_group_fields.html.erb (1.5ms)
Rendered athletic_programs/_exercise_fields.html.erb (4.0ms)
Rendered athletic_programs/_workout_fields.html.erb (47.3ms)
Rendered athletic_programs/_exercise_group_fields.html.erb (1.7ms)
Rendered athletic_programs/_exercise_fields.html.erb (4.9ms)
Rendered athletic_programs/_workout_fields.html.erb (35.0ms)
Rendered athletic_programs/_form.html.erb (166.9ms)
Rendered athletic_programs/edit.html.erb within layouts/application (170.9ms)
Completed 200 OK in 186ms (Views: 173.2ms | ActiveRecord: 0.8ms)


Started GET "/athletic_programs/1/edit" for 127.0.0.1 at 2010-12-30 04:07:04 -0800
  Processing by AthleticProgramsController#edit as HTML
  Parameters: {"id"=>"1"}
  [1m[36mAthleticProgram Load (0.0ms)[0m  [1mSELECT `athletic_programs`.* FROM `athletic_programs` WHERE (`athletic_programs`.`id` = 1) LIMIT 1[0m
  [1m[35mWorkout Load (0.1ms)[0m  SELECT `workouts`.* FROM `workouts` WHERE (`workouts`.athletic_program_id = 1)
  [1m[36mExercise Load (0.1ms)[0m  [1mSELECT `exercises`.* FROM `exercises` WHERE (`exercises`.workout_id = 1)[0m
  [1m[35mExerciseGroup Load (0.1ms)[0m  SELECT `exercise_groups`.* FROM `exercise_groups` WHERE (`exercise_groups`.exercise_id = 8)
Rendered athletic_programs/_exercise_group_fields.html.erb (1.9ms)
Rendered athletic_programs/_exercise_group_fields.html.erb (1.5ms)
Rendered athletic_programs/_exercise_fields.html.erb (23.1ms)
Rendered athletic_programs/_exercise_group_fields.html.erb (1.4ms)
Rendered athletic_programs/_exercise_fields.html.erb (3.8ms)
Rendered athletic_programs/_workout_fields.html.erb (73.2ms)
Rendered athletic_programs/_exercise_group_fields.html.erb (1.4ms)
Rendered athletic_programs/_exercise_fields.html.erb (3.7ms)
Rendered athletic_programs/_workout_fields.html.erb (6.1ms)
Rendered athletic_programs/_form.html.erb (99.0ms)
Rendered athletic_programs/edit.html.erb within layouts/application (102.2ms)
Completed 200 OK in 111ms (Views: 104.3ms | ActiveRecord: 0.3ms)


Started GET "/athletic_programs" for 127.0.0.1 at 2010-12-30 04:07:11 -0800
  Processing by AthleticProgramsController#index as HTML
  [1m[36mAthleticProgram Load (0.1ms)[0m  [1mSELECT `athletic_programs`.* FROM `athletic_programs`[0m
Rendered athletic_programs/index.html.erb within layouts/application (5.9ms)
Completed 200 OK in 14ms (Views: 8.2ms | ActiveRecord: 0.1ms)


Started GET "/athletic_programs/new" for 127.0.0.1 at 2010-12-30 04:07:12 -0800
  Processing by AthleticProgramsController#new as HTML
Rendered athletic_programs/_exercise_group_fields.html.erb (1.7ms)
Rendered athletic_programs/_exercise_group_fields.html.erb (1.6ms)
Rendered athletic_programs/_exercise_fields.html.erb (9.7ms)
Rendered athletic_programs/_exercise_group_fields.html.erb (1.4ms)
Rendered athletic_programs/_exercise_fields.html.erb (3.8ms)
Rendered athletic_programs/_workout_fields.html.erb (17.3ms)
Rendered athletic_programs/_exercise_group_fields.html.erb (1.5ms)
Rendered athletic_programs/_exercise_fields.html.erb (3.9ms)
Rendered athletic_programs/_workout_fields.html.erb (6.5ms)
Rendered athletic_programs/_form.html.erb (28.1ms)
Rendered athletic_programs/new.html.erb within layouts/application (31.0ms)
Completed 200 OK in 98ms (Views: 33.8ms | ActiveRecord: 0.0ms)


Started GET "/athletic_programs/new" for 127.0.0.1 at 2010-12-30 04:07:54 -0800
  Processing by AthleticProgramsController#new as HTML
Rendered athletic_programs/_exercise_group_fields.html.erb (1.5ms)
Rendered athletic_programs/_exercise_group_fields.html.erb (1.4ms)
Rendered athletic_programs/_exercise_fields.html.erb (9.1ms)
Rendered athletic_programs/_exercise_group_fields.html.erb (1.4ms)
Rendered athletic_programs/_exercise_fields.html.erb (3.8ms)
Rendered athletic_programs/_workout_fields.html.erb (16.0ms)
Rendered athletic_programs/_exercise_group_fields.html.erb (1.6ms)
Rendered athletic_programs/_exercise_fields.html.erb (4.1ms)
Rendered athletic_programs/_workout_fields.html.erb (6.6ms)
Rendered athletic_programs/_form.html.erb (27.0ms)
Rendered athletic_programs/new.html.erb within layouts/application (30.1ms)
Completed 200 OK in 97ms (Views: 32.4ms | ActiveRecord: 0.0ms)


Started GET "/home/index" for 127.0.0.1 at 2010-12-30 04:08:23 -0800
  Processing by HomeController#index as HTML
Rendered home/index.html.erb within layouts/application (2.7ms)
Completed 200 OK in 5ms (Views: 4.9ms | ActiveRecord: 0.0ms)


Started GET "/athletic_programs" for 127.0.0.1 at 2010-12-30 04:08:25 -0800
  Processing by AthleticProgramsController#index as HTML
  [1m[35mAthleticProgram Load (0.1ms)[0m  SELECT `athletic_programs`.* FROM `athletic_programs`
Rendered athletic_programs/index.html.erb within layouts/application (7.4ms)
Completed 200 OK in 16ms (Views: 9.7ms | ActiveRecord: 0.1ms)


Started GET "/athletic_programs/new" for 127.0.0.1 at 2010-12-30 04:08:27 -0800
  Processing by AthleticProgramsController#new as HTML
Rendered athletic_programs/_exercise_group_fields.html.erb (1.6ms)
Rendered athletic_programs/_exercise_group_fields.html.erb (1.6ms)
Rendered athletic_programs/_exercise_fields.html.erb (9.5ms)
Rendered athletic_programs/_exercise_group_fields.html.erb (1.6ms)
Rendered athletic_programs/_exercise_fields.html.erb (4.4ms)
Rendered athletic_programs/_workout_fields.html.erb (17.5ms)
Rendered athletic_programs/_exercise_group_fields.html.erb (1.4ms)
Rendered athletic_programs/_exercise_fields.html.erb (4.1ms)
Rendered athletic_programs/_workout_fields.html.erb (34.6ms)
Rendered athletic_programs/_form.html.erb (56.4ms)
Rendered athletic_programs/new.html.erb within layouts/application (59.3ms)
Completed 200 OK in 96ms (Views: 61.5ms | ActiveRecord: 0.0ms)


Started GET "/athletic_programs" for 127.0.0.1 at 2010-12-30 04:11:56 -0800
  Processing by AthleticProgramsController#index as HTML
  [1m[36mAthleticProgram Load (0.1ms)[0m  [1mSELECT `athletic_programs`.* FROM `athletic_programs`[0m
Rendered athletic_programs/index.html.erb within layouts/application (6.0ms)
Completed 200 OK in 15ms (Views: 8.3ms | ActiveRecord: 0.1ms)


Started GET "/athletic_programs/new" for 127.0.0.1 at 2010-12-30 04:11:58 -0800
  Processing by AthleticProgramsController#new as HTML
Rendered athletic_programs/_exercise_group_fields.html.erb (1.5ms)
Rendered athletic_programs/_exercise_group_fields.html.erb (1.4ms)
Rendered athletic_programs/_exercise_fields.html.erb (8.9ms)
Rendered athletic_programs/_exercise_group_fields.html.erb (1.5ms)
Rendered athletic_programs/_exercise_fields.html.erb (3.9ms)
Rendered athletic_programs/_workout_fields.html.erb (15.9ms)
Rendered athletic_programs/_exercise_group_fields.html.erb (1.5ms)
Rendered athletic_programs/_exercise_fields.html.erb (31.0ms)
Rendered athletic_programs/_workout_fields.html.erb (33.6ms)
Rendered athletic_programs/_form.html.erb (53.7ms)
Rendered athletic_programs/new.html.erb within layouts/application (56.7ms)
Completed 200 OK in 123ms (Views: 58.9ms | ActiveRecord: 0.0ms)


Started GET "/athletic_programs/new" for 127.0.0.1 at 2010-12-30 04:12:13 -0800
  Processing by AthleticProgramsController#new as HTML
Rendered athletic_programs/_exercise_group_fields.html.erb (1.5ms)
Rendered athletic_programs/_exercise_group_fields.html.erb (1.4ms)
Rendered athletic_programs/_exercise_fields.html.erb (9.4ms)
Rendered athletic_programs/_exercise_group_fields.html.erb (1.4ms)
Rendered athletic_programs/_exercise_fields.html.erb (3.7ms)
Rendered athletic_programs/_workout_fields.html.erb (16.4ms)
Rendered athletic_programs/_exercise_group_fields.html.erb (1.4ms)
Rendered athletic_programs/_exercise_fields.html.erb (3.7ms)
Rendered athletic_programs/_workout_fields.html.erb (6.1ms)
Rendered athletic_programs/_form.html.erb (27.0ms)
Rendered athletic_programs/new.html.erb within layouts/application (30.0ms)
Completed 200 OK in 96ms (Views: 32.4ms | ActiveRecord: 0.0ms)


Started GET "/athletic_programs/new" for 127.0.0.1 at 2010-12-30 04:15:18 -0800
  Processing by AthleticProgramsController#new as HTML
Rendered athletic_programs/_exercise_group_fields.html.erb (1.7ms)
Rendered athletic_programs/_exercise_group_fields.html.erb (1.4ms)
Rendered athletic_programs/_exercise_fields.html.erb (39.3ms)
Rendered athletic_programs/_exercise_group_fields.html.erb (1.5ms)
Rendered athletic_programs/_exercise_fields.html.erb (4.1ms)
Rendered athletic_programs/_workout_fields.html.erb (47.1ms)
Rendered athletic_programs/_exercise_group_fields.html.erb (1.5ms)
Rendered athletic_programs/_exercise_fields.html.erb (3.9ms)
Rendered athletic_programs/_workout_fields.html.erb (6.4ms)
Rendered athletic_programs/_form.html.erb (57.9ms)
Rendered athletic_programs/new.html.erb within layouts/application (60.9ms)
Completed 200 OK in 103ms (Views: 63.2ms | ActiveRecord: 0.0ms)


Started GET "/athletic_programs/new" for 127.0.0.1 at 2010-12-30 04:15:37 -0800
  Processing by AthleticProgramsController#new as HTML
Rendered athletic_programs/_exercise_group_fields.html.erb (1.6ms)
Rendered athletic_programs/_exercise_group_fields.html.erb (1.4ms)
Rendered athletic_programs/_exercise_fields.html.erb (9.3ms)
Rendered athletic_programs/_exercise_group_fields.html.erb (1.4ms)
Rendered athletic_programs/_exercise_fields.html.erb (3.7ms)
Rendered athletic_programs/_workout_fields.html.erb (16.1ms)
Rendered athletic_programs/_exercise_group_fields.html.erb (1.5ms)
Rendered athletic_programs/_exercise_fields.html.erb (3.8ms)
Rendered athletic_programs/_workout_fields.html.erb (6.2ms)
Rendered athletic_programs/_form.html.erb (26.6ms)
Rendered athletic_programs/new.html.erb within layouts/application (29.5ms)
Completed 200 OK in 97ms (Views: 31.8ms | ActiveRecord: 0.0ms)


Started GET "/athletic_programs/new" for 127.0.0.1 at 2010-12-30 04:15:47 -0800
  Processing by AthleticProgramsController#new as HTML
Rendered athletic_programs/_exercise_group_fields.html.erb (1.7ms)
Rendered athletic_programs/_exercise_group_fields.html.erb (1.5ms)
Rendered athletic_programs/_exercise_fields.html.erb (10.1ms)
Rendered athletic_programs/_exercise_group_fields.html.erb (1.4ms)
Rendered athletic_programs/_exercise_fields.html.erb (3.7ms)
Rendered athletic_programs/_workout_fields.html.erb (17.0ms)
Rendered athletic_programs/_exercise_group_fields.html.erb (1.4ms)
Rendered athletic_programs/_exercise_fields.html.erb (3.7ms)
Rendered athletic_programs/_workout_fields.html.erb (6.1ms)
Rendered athletic_programs/_form.html.erb (27.2ms)
Rendered athletic_programs/new.html.erb within layouts/application (30.1ms)
Completed 200 OK in 96ms (Views: 32.4ms | ActiveRecord: 0.0ms)


Started GET "/home/index" for 127.0.0.1 at 2010-12-30 04:15:52 -0800
  Processing by HomeController#index as HTML
Rendered home/index.html.erb within layouts/application (2.7ms)
Completed 200 OK in 5ms (Views: 4.9ms | ActiveRecord: 0.0ms)


Started GET "/date_of_workouts" for 127.0.0.1 at 2010-12-30 04:15:54 -0800
  Processing by DateOfWorkoutsController#index as HTML
  [1m[35mDateOfWorkout Load (0.3ms)[0m  SELECT `date_of_workouts`.* FROM `date_of_workouts`
Rendered date_of_workouts/index.html.erb within layouts/application (15.3ms)
Completed 200 OK in 25ms (Views: 18.4ms | ActiveRecord: 0.3ms)


Started GET "/date_of_workouts/new" for 127.0.0.1 at 2010-12-30 04:15:55 -0800
  Processing by DateOfWorkoutsController#new as HTML
Rendered date_of_workouts/_exercise_group_fields.html.erb (1.7ms)
Rendered date_of_workouts/_exercise_group_fields.html.erb (1.6ms)
Rendered date_of_workouts/_exercise_fields.html.erb (9.9ms)
Rendered date_of_workouts/_exercise_group_fields.html.erb (1.5ms)
Rendered date_of_workouts/_exercise_fields.html.erb (3.9ms)
Rendered date_of_workouts/_form.html.erb (18.1ms)
Rendered date_of_workouts/new.html.erb within layouts/application (47.9ms)
Completed 200 OK in 78ms (Views: 50.6ms | ActiveRecord: 0.0ms)


Started GET "/date_of_workouts/new" for 127.0.0.1 at 2010-12-30 04:16:26 -0800
  Processing by DateOfWorkoutsController#new as HTML
Rendered date_of_workouts/_exercise_group_fields.html.erb (31.0ms)
Rendered date_of_workouts/_exercise_group_fields.html.erb (1.6ms)
Rendered date_of_workouts/_exercise_fields.html.erb (40.1ms)
Rendered date_of_workouts/_exercise_group_fields.html.erb (1.4ms)
Rendered date_of_workouts/_exercise_fields.html.erb (3.7ms)
Rendered date_of_workouts/_form.html.erb (47.8ms)
Rendered date_of_workouts/new.html.erb within layouts/application (50.8ms)
Completed 200 OK in 80ms (Views: 53.1ms | ActiveRecord: 0.0ms)


Started GET "/date_of_workouts" for 127.0.0.1 at 2010-12-30 04:17:17 -0800
  Processing by DateOfWorkoutsController#index as HTML
  [1m[36mDateOfWorkout Load (0.1ms)[0m  [1mSELECT `date_of_workouts`.* FROM `date_of_workouts`[0m
Rendered date_of_workouts/index.html.erb within layouts/application (38.3ms)
Completed 200 OK in 47ms (Views: 40.6ms | ActiveRecord: 0.1ms)


Started GET "/athletic_programs/new" for 127.0.0.1 at 2010-12-30 04:21:12 -0800
  Processing by AthleticProgramsController#new as HTML
Rendered athletic_programs/_exercise_group_fields.html.erb (1.7ms)
Rendered athletic_programs/_exercise_group_fields.html.erb (1.5ms)
Rendered athletic_programs/_exercise_fields.html.erb (9.6ms)
Rendered athletic_programs/_exercise_group_fields.html.erb (1.5ms)
Rendered athletic_programs/_exercise_fields.html.erb (3.8ms)
Rendered athletic_programs/_workout_fields.html.erb (16.5ms)
Rendered athletic_programs/_exercise_group_fields.html.erb (1.4ms)
Rendered athletic_programs/_exercise_fields.html.erb (3.7ms)
Rendered athletic_programs/_workout_fields.html.erb (6.1ms)
Rendered athletic_programs/_form.html.erb (26.9ms)
Rendered athletic_programs/new.html.erb within layouts/application (29.9ms)
Completed 200 OK in 95ms (Views: 32.2ms | ActiveRecord: 0.0ms)


Started GET "/home/index" for 127.0.0.1 at 2010-12-30 04:28:50 -0800
  Processing by HomeController#index as HTML
Rendered home/index.html.erb within layouts/application (2.8ms)
Completed 200 OK in 5ms (Views: 5.2ms | ActiveRecord: 0.0ms)


Started GET "/athletic_programs" for 127.0.0.1 at 2010-12-30 04:28:51 -0800
  Processing by AthleticProgramsController#index as HTML
  [1m[35mAthleticProgram Load (0.1ms)[0m  SELECT `athletic_programs`.* FROM `athletic_programs`
Rendered athletic_programs/index.html.erb within layouts/application (5.8ms)
Completed 200 OK in 14ms (Views: 8.0ms | ActiveRecord: 0.1ms)


Started GET "/athletic_programs/new" for 127.0.0.1 at 2010-12-30 04:29:02 -0800
  Processing by AthleticProgramsController#new as HTML
Rendered athletic_programs/_exercise_group_fields.html.erb (1.6ms)
Rendered athletic_programs/_exercise_group_fields.html.erb (1.5ms)
Rendered athletic_programs/_exercise_fields.html.erb (9.1ms)
Rendered athletic_programs/_exercise_group_fields.html.erb (1.6ms)
Rendered athletic_programs/_exercise_fields.html.erb (31.7ms)
Rendered athletic_programs/_workout_fields.html.erb (44.1ms)
Rendered athletic_programs/_exercise_group_fields.html.erb (1.4ms)
Rendered athletic_programs/_exercise_fields.html.erb (3.7ms)
Rendered athletic_programs/_workout_fields.html.erb (6.3ms)
Rendered athletic_programs/_form.html.erb (54.7ms)
Rendered athletic_programs/new.html.erb within layouts/application (57.7ms)
Completed 200 OK in 96ms (Views: 59.9ms | ActiveRecord: 0.0ms)


Started GET "/" for 192.168.1.108 at 2010-12-30 04:31:33 -0800
  Processing by HomeController#index as HTML
Rendered home/index.html.erb within layouts/application (2.6ms)
Completed 200 OK in 5ms (Views: 4.7ms | ActiveRecord: 0.0ms)


Started GET "/" for 192.168.1.108 at 2010-12-30 04:42:36 -0800
  Processing by HomeController#index as HTML
Rendered home/index.html.erb within layouts/application (2.7ms)
Completed 200 OK in 5ms (Views: 4.9ms | ActiveRecord: 0.0ms)


Started GET "/" for 192.168.1.108 at 2010-12-30 04:43:05 -0800
  Processing by HomeController#index as HTML
Rendered home/index.html.erb within layouts/application (2.6ms)
Completed 200 OK in 5ms (Views: 4.7ms | ActiveRecord: 0.0ms)


Started GET "/home/index" for 127.0.0.1 at 2010-12-30 05:50:26 -0800
  Processing by HomeController#index as HTML
Rendered home/index.html.erb within layouts/application (2.9ms)
Completed 200 OK in 6ms (Views: 5.8ms | ActiveRecord: 0.0ms)


Started GET "/athletic_programs" for 127.0.0.1 at 2010-12-30 05:52:23 -0800
  Processing by AthleticProgramsController#index as HTML
  [1m[36mAthleticProgram Load (0.1ms)[0m  [1mSELECT `athletic_programs`.* FROM `athletic_programs`[0m
Rendered athletic_programs/index.html.erb within layouts/application (5.7ms)
Completed 200 OK in 15ms (Views: 8.1ms | ActiveRecord: 0.1ms)


Started GET "/athletic_programs/new" for 127.0.0.1 at 2010-12-30 05:52:25 -0800
  Processing by AthleticProgramsController#new as HTML
Rendered athletic_programs/_exercise_group_fields.html.erb (1.7ms)
Rendered athletic_programs/_exercise_group_fields.html.erb (1.4ms)
Rendered athletic_programs/_exercise_fields.html.erb (37.9ms)
Rendered athletic_programs/_exercise_group_fields.html.erb (1.4ms)
Rendered athletic_programs/_exercise_fields.html.erb (4.0ms)
Rendered athletic_programs/_workout_fields.html.erb (45.4ms)
Rendered athletic_programs/_exercise_group_fields.html.erb (1.4ms)
Rendered athletic_programs/_exercise_fields.html.erb (3.7ms)
Rendered athletic_programs/_workout_fields.html.erb (6.1ms)
Rendered athletic_programs/_form.html.erb (55.7ms)
Rendered athletic_programs/new.html.erb within layouts/application (58.8ms)
Completed 200 OK in 98ms (Views: 61.0ms | ActiveRecord: 0.0ms)


Started GET "/home/index" for 127.0.0.1 at 2010-12-30 06:41:45 -0800
  Processing by HomeController#index as HTML
Rendered home/index.html.erb within layouts/application (2.7ms)
Completed 200 OK in 5ms (Views: 5.0ms | ActiveRecord: 0.0ms)


Started GET "/" for 192.168.1.108 at 2010-12-30 06:41:58 -0800
  Processing by HomeController#index as HTML
Rendered home/index.html.erb within layouts/application (2.6ms)
Completed 200 OK in 5ms (Views: 4.7ms | ActiveRecord: 0.0ms)


Started GET "/home/index" for 127.0.0.1 at 2010-12-30 06:42:02 -0800
  Processing by HomeController#index as HTML
Rendered home/index.html.erb within layouts/application (2.7ms)
Completed 200 OK in 5ms (Views: 4.9ms | ActiveRecord: 0.0ms)


Started GET "/" for 192.168.1.108 at 2010-12-30 06:42:23 -0800
  Processing by HomeController#index as HTML
Rendered home/index.html.erb within layouts/application (2.6ms)
Completed 200 OK in 5ms (Views: 4.9ms | ActiveRecord: 0.0ms)


Started GET "/home/index" for 127.0.0.1 at 2010-12-30 06:42:29 -0800
  Processing by HomeController#index as HTML
Rendered home/index.html.erb within layouts/application (29.4ms)
Completed 200 OK in 32ms (Views: 31.8ms | ActiveRecord: 0.0ms)


Started GET "/" for 192.168.1.108 at 2010-12-30 06:42:38 -0800
  Processing by HomeController#index as HTML
Rendered home/index.html.erb within layouts/application (2.6ms)
Completed 200 OK in 5ms (Views: 4.7ms | ActiveRecord: 0.0ms)


Started GET "/home/index" for 127.0.0.1 at 2010-12-30 06:42:44 -0800
  Processing by HomeController#index as HTML
Rendered home/index.html.erb within layouts/application (2.7ms)
Completed 200 OK in 31ms (Views: 30.6ms | ActiveRecord: 0.0ms)


Started GET "/" for 192.168.1.108 at 2010-12-30 06:42:54 -0800
  Processing by HomeController#index as HTML
Rendered home/index.html.erb within layouts/application (2.6ms)
Completed 200 OK in 5ms (Views: 4.8ms | ActiveRecord: 0.0ms)


Started GET "/home/index" for 127.0.0.1 at 2010-12-30 06:43:00 -0800
  Processing by HomeController#index as HTML
Rendered home/index.html.erb within layouts/application (2.5ms)
Completed 200 OK in 5ms (Views: 4.7ms | ActiveRecord: 0.0ms)
